\BOOKMARK [-1][-]{part.1}{\376\377\000I\000\040\000R\000e\000s\000e\000a\000r\000c\000h\000\040\000P\000r\000o\000j\000e\000c\000t\000s\000\040\000w\000i\000t\000h\000\040\000E\000m\000p\000h\000a\000s\000i\000s\000\040\000o\000n\000\040\000R\000o\000b\000o\000t\000i\000c\000s}{}% 1
\BOOKMARK [0][-]{chapter.1}{\376\377\000R\000E\000L\000I\000E\000F\000:\000\040\000I\000n\000t\000e\000l\000l\000i\000g\000e\000n\000t\000\040\000R\000e\000p\000e\000a\000t\000e\000r\000s\000\040\000a\000n\000d\000\040\000R\000o\000b\000o\000t\000s\000\040\000f\000o\000r\000\040\000F\000a\000s\000t\000,\000\040\000R\000e\000l\000i\000a\000b\000l\000e\000,\000\040\000L\000o\000w\000-\000C\000o\000s\000t\000\040\000R\000F\000I\000D\000\040\000I\000n\000v\000e\000n\000t\000o\000r\000y\000i\000n\000g\000\040\000\046\000\040\000L\000o\000c\000a\000l\000i\000z\000a\000t\000i\000o\000n\000\040\000\050\000T\0001\000E\000D\000K\000-\0000\0003\0000\0003\0002\000\051}{part.1}% 2
\BOOKMARK [1][-]{section.1.1}{\376\377\000S\000u\000m\000m\000a\000r\000y}{chapter.1}% 3
\BOOKMARK [1][-]{section.1.2}{\376\377\000M\000y\000\040\000c\000o\000n\000t\000r\000i\000b\000u\000t\000i\000o\000n}{chapter.1}% 4
\BOOKMARK [1][-]{section.1.3}{\376\377\000O\000u\000t\000c\000o\000m\000e\000s}{chapter.1}% 5
\BOOKMARK [1][-]{section.1.4}{\376\377\000P\000r\000e\000s\000s\000\040\000c\000o\000v\000e\000r\000a\000g\000e\000\040\000\050\000G\000r\000e\000e\000k\000\040\000o\000n\000l\000y\000\051}{chapter.1}% 6
\BOOKMARK [1][-]{section.1.5}{\376\377\000V\000i\000d\000e\000o\000s\000\040\000o\000f\000\040\000k\000e\000y\000\040\000p\000r\000o\000j\000e\000c\000t\000\040\000a\000s\000p\000e\000c\000t\000s}{chapter.1}% 7
\BOOKMARK [1][-]{section.1.6}{\376\377\000D\000e\000t\000a\000i\000l\000s}{chapter.1}% 8
\BOOKMARK [0][-]{chapter.2}{\376\377\000C\000u\000l\000t\000u\000r\000e\000I\000D\000:\000\040\000I\000n\000t\000e\000r\000n\000e\000t\000\040\000o\000f\000\040\000T\000h\000i\000n\000g\000s\000,\000\040\000R\000o\000b\000o\000t\000i\000c\000s\000,\000\040\000B\000i\000g\000\040\000D\000a\000t\000a\000,\000\040\000A\000I\000\040\000i\000n\000\040\000C\000u\000l\000t\000u\000r\000e\000\040\000\050\000T\0002\000E\000D\000K\000-\0000\0002\0000\0000\0000\000\051}{part.1}% 9
\BOOKMARK [1][-]{section.2.1}{\376\377\000S\000u\000m\000m\000a\000r\000y}{chapter.2}% 10
\BOOKMARK [1][-]{section.2.2}{\376\377\000M\000y\000\040\000c\000o\000n\000t\000r\000i\000b\000u\000t\000i\000o\000n}{chapter.2}% 11
\BOOKMARK [1][-]{section.2.3}{\376\377\000V\000i\000d\000e\000o\000s\000\040\000o\000f\000\040\000k\000e\000y\000\040\000p\000r\000o\000j\000e\000c\000t\000\040\000a\000s\000p\000e\000c\000t\000s}{chapter.2}% 12
\BOOKMARK [1][-]{section.2.4}{\376\377\000D\000e\000t\000a\000i\000l\000s}{chapter.2}% 13
\BOOKMARK [1][-]{section.2.5}{\376\377\000O\000u\000t\000c\000o\000m\000e\000s}{chapter.2}% 14
\BOOKMARK [-1][-]{part.2}{\376\377\000I\000I\000\040\000C\000o\000n\000t\000r\000o\000l\000\040\000P\000r\000o\000j\000e\000c\000t\000s}{}% 15
\BOOKMARK [0][-]{chapter.3}{\376\377\000R\000o\000b\000u\000s\000t\000\040\000D\000e\000c\000e\000n\000t\000r\000a\000l\000i\000z\000e\000d\000\040\000C\000o\000n\000t\000r\000o\000l\000\040\000o\000f\000\040\000C\000o\000o\000p\000e\000r\000a\000t\000i\000v\000e\000\040\000M\000u\000l\000t\000i\000-\000r\000o\000b\000o\000t\000\040\000S\000y\000s\000t\000e\000m\000s}{part.2}% 16
\BOOKMARK [0][-]{chapter.4}{\376\377\000T\000r\000a\000c\000k\000i\000n\000g\000\040\000t\000h\000e\000\040\000c\000i\000r\000c\000u\000m\000f\000e\000r\000e\000n\000c\000e\000\040\000o\000f\000\040\000a\000\040\000c\000i\000r\000c\000l\000e\000\040\000w\000i\000t\000h\000\040\000a\000\040\000R\000C\000\040\000c\000a\000r}{part.2}% 17
\BOOKMARK [0][-]{chapter.5}{\376\377\000T\000r\000a\000c\000k\000i\000n\000g\000\040\000t\000h\000e\000\040\000c\000e\000n\000t\000e\000r\000l\000i\000n\000e\000\040\000o\000f\000\040\000a\000\040\000l\000a\000n\000e\000\040\000w\000i\000t\000h\000\040\000a\000\040\000R\000C\000\040\000c\000a\000r}{part.2}% 18
\BOOKMARK [0][-]{chapter.6}{\376\377\000B\000a\000l\000a\000n\000c\000i\000n\000g\000\040\000a\000\040\000s\000e\000g\000w\000a\000y}{part.2}% 19
\BOOKMARK [-1][-]{part.3}{\376\377\000I\000I\000I\000\040\000E\000s\000t\000i\000m\000a\000t\000i\000o\000n\000\040\000P\000r\000o\000j\000e\000c\000t\000s}{}% 20
\BOOKMARK [0][-]{chapter.7}{\376\377\000H\000o\000w\000\040\000o\000n\000e\000\040\000d\000e\000t\000e\000c\000t\000s\000\040\000v\000e\000h\000i\000c\000l\000e\000s\000\040\000v\000i\000o\000l\000a\000t\000i\000n\000g\000\040\000t\000h\000e\000\040\000s\000p\000e\000e\000d\000\040\000l\000i\000m\000i\000t\000\040\000w\000h\000e\000n\000\040\000a\000l\000l\000\040\000o\000n\000e\000\040\000h\000a\000s\000\040\000i\000s\000\040\000a\000\040\000s\000t\000a\000t\000i\000o\000n\000a\000r\000y\000\040\000c\000a\000m\000e\000r\000a}{part.3}% 21
\BOOKMARK [-1][-]{part.4}{\376\377\000I\000V\000\040\000C\000o\000m\000p\000u\000t\000e\000r\000\040\000V\000i\000s\000i\000o\000n\000\040\000P\000r\000o\000j\000e\000c\000t\000s}{}% 22
\BOOKMARK [0][-]{chapter.8}{\376\377\000H\000o\000l\000e\000\040\000d\000e\000t\000e\000c\000t\000i\000o\000n\000\040\000v\000i\000a\000\040\000R\000G\000B\000-\000D\000\040\000c\000a\000m\000e\000r\000a\000\040\000w\000i\000t\000h\000i\000n\000\040\000t\000h\000e\000\040\000R\000o\000b\000o\000C\000u\000p\000\040\000R\000e\000s\000c\000u\000e\000\040\000c\000o\000m\000p\000e\000t\000i\000t\000i\000o\000n}{part.4}% 23
\BOOKMARK [-1][-]{part.5}{\376\377\000V\000\040\000M\000a\000c\000h\000i\000n\000e\000\040\000L\000e\000a\000r\000n\000i\000n\000g\000\040\000P\000r\000o\000j\000e\000c\000t\000s}{}% 24
\BOOKMARK [0][-]{chapter.9}{\376\377\000M\000u\000l\000t\000i\000-\000l\000a\000b\000e\000l\000\040\000c\000l\000a\000s\000s\000i\000f\000i\000c\000a\000t\000i\000o\000n\000\040\000u\000s\000i\000n\000g\000\040\000L\000e\000a\000r\000n\000i\000n\000g\000\040\000C\000l\000a\000s\000s\000i\000f\000i\000e\000r\000\040\000S\000y\000s\000t\000e\000m\000s}{part.5}% 25
\BOOKMARK [-1][-]{part.6}{\376\377\000V\000I\000\040\000O\000t\000h\000e\000r}{}% 26
\BOOKMARK [0][-]{chapter.10}{\376\377\000P\000l\000a\000y\000\040\000S\000i\000m\000o\000n\000\040\000w\000i\000t\000h\000\040\000a\000\040\000R\000a\000s\000p\000b\000e\000r\000r\000y\000\040\000P\000i}{part.6}% 27
